<?xml version="1.0" encoding="UTF-8"?>
<!-- Generated by org.testng.reporters.JUnitReportReporter -->
<testsuite hostname="DESKTOP-7UVQLBH" name="testRunner.Parallel02IT" tests="1" failures="0" timestamp="3 Feb 2019 09:03:46 GMT" time="62.219" errors="0">
  <testcase name="feature" time="62.219" classname="testRunner.Parallel02IT"/>
</testsuite> <!-- testRunner.Parallel02IT -->
